Determining if the pthread_create exist failed with the following output:
Change Dir: /home/laser/Desktop/Kvasir/Vard/build/CMakeFiles/CMakeTmp

Run Build Command:"/usr/bin/make" "cmTC_b8fc6/fast"
/usr/bin/make -f CMakeFiles/cmTC_b8fc6.dir/build.make CMakeFiles/cmTC_b8fc6.dir/build
make[1]: Entering directory '/home/laser/Desktop/Kvasir/Vard/build/CMakeFiles/CMakeTmp'
Building C object CMakeFiles/cmTC_b8fc6.dir/CheckSymbolExists.c.o
/usr/bin/cc    -o CMakeFiles/cmTC_b8fc6.dir/CheckSymbolExists.c.o   -c /home/laser/Desktop/Kvasir/Vard/build/CMakeFiles/CMakeTmp/CheckSymbolExists.c
Linking C executable cmTC_b8fc6
/usr/local/bin/cmake -E cmake_link_script CMakeFiles/cmTC_b8fc6.dir/link.txt --verbose=1
/usr/bin/cc      CMakeFiles/cmTC_b8fc6.dir/CheckSymbolExists.c.o  -o cmTC_b8fc6 
CMakeFiles/cmTC_b8fc6.dir/CheckSymbolExists.c.o: In function `main':
CheckSymbolExists.c:(.text+0x16): undefined reference to `pthread_create'
collect2: error: ld returned 1 exit status
CMakeFiles/cmTC_b8fc6.dir/build.make:86: recipe for target 'cmTC_b8fc6' failed
make[1]: *** [cmTC_b8fc6] Error 1
make[1]: Leaving directory '/home/laser/Desktop/Kvasir/Vard/build/CMakeFiles/CMakeTmp'
Makefile:126: recipe for target 'cmTC_b8fc6/fast' failed
make: *** [cmTC_b8fc6/fast] Error 2

File /home/laser/Desktop/Kvasir/Vard/build/CMakeFiles/CMakeTmp/CheckSymbolExists.c:
/* */
#include <pthread.h>

int main(int argc, char** argv)
{
  (void)argv;
#ifndef pthread_create
  return ((int*)(&pthread_create))[argc];
#else
  (void)argc;
  return 0;
#endif
}

Determining if the pthread_create exist failed with the following output:
Change Dir: /home/laser/Desktop/Kvasir/teste/Vard/build/CMakeFiles/CMakeTmp

Run Build Command:"/usr/bin/make" "cmTC_25745/fast"
/usr/bin/make -f CMakeFiles/cmTC_25745.dir/build.make CMakeFiles/cmTC_25745.dir/build
make[1]: Entering directory '/home/laser/Desktop/Kvasir/teste/Vard/build/CMakeFiles/CMakeTmp'
Building C object CMakeFiles/cmTC_25745.dir/CheckSymbolExists.c.o
/usr/bin/cc    -o CMakeFiles/cmTC_25745.dir/CheckSymbolExists.c.o   -c /home/laser/Desktop/Kvasir/teste/Vard/build/CMakeFiles/CMakeTmp/CheckSymbolExists.c
Linking C executable cmTC_25745
/usr/local/bin/cmake -E cmake_link_script CMakeFiles/cmTC_25745.dir/link.txt --verbose=1
/usr/bin/cc      CMakeFiles/cmTC_25745.dir/CheckSymbolExists.c.o  -o cmTC_25745 
CMakeFiles/cmTC_25745.dir/CheckSymbolExists.c.o: In function `main':
CheckSymbolExists.c:(.text+0x16): undefined reference to `pthread_create'
collect2: error: ld returned 1 exit status
CMakeFiles/cmTC_25745.dir/build.make:86: recipe for target 'cmTC_25745' failed
make[1]: *** [cmTC_25745] Error 1
make[1]: Leaving directory '/home/laser/Desktop/Kvasir/teste/Vard/build/CMakeFiles/CMakeTmp'
Makefile:126: recipe for target 'cmTC_25745/fast' failed
make: *** [cmTC_25745/fast] Error 2

File /home/laser/Desktop/Kvasir/teste/Vard/build/CMakeFiles/CMakeTmp/CheckSymbolExists.c:
/* */
#include <pthread.h>

int main(int argc, char** argv)
{
  (void)argv;
#ifndef pthread_create
  return ((int*)(&pthread_create))[argc];
#else
  (void)argc;
  return 0;
#endif
}

